2018-08-10 17:23:25.078  INFO 16744 --- [main] com.ect.bpc.sms.main.BpcSmsMain          : Starting BpcSmsMain on ITWUCG with PID 16744 (D:\workspace_nrac\nrac\bpc-sms\target\classes started by wucg in D:\workspace_nrac\nrac\bpc-sms)
2018-08-10 17:23:25.083  INFO 16744 --- [main] com.ect.bpc.sms.main.BpcSmsMain          : No active profile set, falling back to default profiles: default
2018-08-10 17:23:25.177  INFO 16744 --- [main] ationConfigEmbeddedWebApplicationContext : Refreshing org.springframework.boot.context.embedded.AnnotationConfigEmbeddedWebApplicationContext@627096dc: startup date [Fri Aug 10 17:23:25 CST 2018]; root of context hierarchy
2018-08-10 17:23:28.034  INFO 16744 --- [main] s.b.c.e.t.TomcatEmbeddedServletContainer : Tomcat initialized with port(s): 8080 (http)
2018-08-10 17:23:28.053  INFO 16744 --- [main] o.apache.catalina.core.StandardService   : Starting service [Tomcat]
2018-08-10 17:23:28.054  INFO 16744 --- [main] org.apache.catalina.core.StandardEngine  : Starting Servlet Engine: Apache Tomcat/8.5.15
2018-08-10 17:23:28.260  INFO 16744 --- [localhost-startStop-1] o.a.c.c.C.[Tomcat].[localhost].[/]       : Initializing Spring embedded WebApplicationContext
2018-08-10 17:23:28.260  INFO 16744 --- [localhost-startStop-1] o.s.web.context.ContextLoader            : Root WebApplicationContext: initialization completed in 3087 ms
2018-08-10 17:23:28.552  INFO 16744 --- [localhost-startStop-1] o.s.b.w.servlet.ServletRegistrationBean  : Mapping servlet: 'dispatcherServlet' to [/]
2018-08-10 17:23:28.557  INFO 16744 --- [localhost-startStop-1] o.s.b.w.servlet.FilterRegistrationBean   : Mapping filter: 'characterEncodingFilter' to: [/*]
2018-08-10 17:23:28.558  INFO 16744 --- [localhost-startStop-1] o.s.b.w.servlet.FilterRegistrationBean   : Mapping filter: 'hiddenHttpMethodFilter' to: [/*]
2018-08-10 17:23:28.558  INFO 16744 --- [localhost-startStop-1] o.s.b.w.servlet.FilterRegistrationBean   : Mapping filter: 'httpPutFormContentFilter' to: [/*]
2018-08-10 17:23:28.558  INFO 16744 --- [localhost-startStop-1] o.s.b.w.servlet.FilterRegistrationBean   : Mapping filter: 'requestContextFilter' to: [/*]
2018-08-10 17:23:29.268  INFO 16744 --- [main] o.a.c.w.s.f.ReflectionServiceFactoryBean : Creating Service {http://www.ect888.com/service/MessageService/wsdl}ESBServerPortTypeService from class com.ect.nrac.cmc.sms.esb.ESBServerPortType
2018-08-10 17:23:30.662  INFO 16744 --- [main] s.w.s.m.m.a.RequestMappingHandlerAdapter : Looking for @ControllerAdvice: org.springframework.boot.context.embedded.AnnotationConfigEmbeddedWebApplicationContext@627096dc: startup date [Fri Aug 10 17:23:25 CST 2018]; root of context hierarchy
2018-08-10 17:23:30.829  INFO 16744 --- [main] s.w.s.m.m.a.RequestMappingHandlerMapping : Mapped "{[/bpc/sendSms],methods=[POST]}" onto public java.lang.String com.ect.bpc.sms.service.BpcSmsService.service(java.lang.String)
2018-08-10 17:23:30.846  INFO 16744 --- [main] s.w.s.m.m.a.RequestMappingHandlerMapping : Mapped "{[/error]}" onto public org.springframework.http.ResponseEntity<java.util.Map<java.lang.String, java.lang.Object>> org.springframework.boot.autoconfigure.web.BasicErrorController.error(javax.servlet.http.HttpServletRequest)
2018-08-10 17:23:30.847  INFO 16744 --- [main] s.w.s.m.m.a.RequestMappingHandlerMapping : Mapped "{[/error],produces=[text/html]}" onto public org.springframework.web.servlet.ModelAndView org.springframework.boot.autoconfigure.web.BasicErrorController.errorHtml(javax.servlet.http.HttpServletRequest,javax.servlet.http.HttpServletResponse)
2018-08-10 17:23:30.911  INFO 16744 --- [main] o.s.w.s.handler.SimpleUrlHandlerMapping  : Mapped URL path [/webjars/**] onto handler of type [class org.springframework.web.servlet.resource.ResourceHttpRequestHandler]
2018-08-10 17:23:30.911  INFO 16744 --- [main] o.s.w.s.handler.SimpleUrlHandlerMapping  : Mapped URL path [/**] onto handler of type [class org.springframework.web.servlet.resource.ResourceHttpRequestHandler]
2018-08-10 17:23:30.995  INFO 16744 --- [main] o.s.w.s.handler.SimpleUrlHandlerMapping  : Mapped URL path [/**/favicon.ico] onto handler of type [class org.springframework.web.servlet.resource.ResourceHttpRequestHandler]
2018-08-10 17:23:31.610  INFO 16744 --- [main] o.s.j.e.a.AnnotationMBeanExporter        : Registering beans for JMX exposure on startup
2018-08-10 17:23:32.172  INFO 16744 --- [main] s.b.c.e.t.TomcatEmbeddedServletContainer : Tomcat started on port(s): 8080 (http)
2018-08-10 17:23:32.181  INFO 16744 --- [main] com.ect.bpc.sms.main.BpcSmsMain          : Started BpcSmsMain in 7.834 seconds (JVM running for 8.337)
2018-08-10 17:23:54.054  INFO 16744 --- [http-nio-8080-exec-2] o.a.c.c.C.[Tomcat].[localhost].[/]       : Initializing Spring FrameworkServlet 'dispatcherServlet'
2018-08-10 17:23:54.055  INFO 16744 --- [http-nio-8080-exec-2] o.s.web.servlet.DispatcherServlet        : FrameworkServlet 'dispatcherServlet': initialization started
2018-08-10 17:23:54.090  INFO 16744 --- [http-nio-8080-exec-2] o.s.web.servlet.DispatcherServlet        : FrameworkServlet 'dispatcherServlet': initialization completed in 34 ms
2018-08-10 17:23:54.311  WARN 16744 --- [http-nio-8080-exec-2] o.s.web.servlet.PageNotFound             : Request method 'GET' not supported
2018-08-10 19:20:43.198  INFO 21144 --- [main] com.ect.bpc.sms.main.BpcSmsMain          : Starting BpcSmsMain on ITWUCG with PID 21144 (D:\workspace_nrac\nrac\bpc-sms\target\classes started by wucg in D:\workspace_nrac\nrac\bpc-sms)
2018-08-10 19:20:43.203  INFO 21144 --- [main] com.ect.bpc.sms.main.BpcSmsMain          : No active profile set, falling back to default profiles: default
2018-08-10 19:20:43.298  INFO 21144 --- [main] ationConfigEmbeddedWebApplicationContext : Refreshing org.springframework.boot.context.embedded.AnnotationConfigEmbeddedWebApplicationContext@25e9a396: startup date [Fri Aug 10 19:20:43 CST 2018]; root of context hierarchy
2018-08-10 19:20:46.076  INFO 21144 --- [main] s.b.c.e.t.TomcatEmbeddedServletContainer : Tomcat initialized with port(s): 8080 (http)
2018-08-10 19:20:46.091  INFO 21144 --- [main] o.apache.catalina.core.StandardService   : Starting service [Tomcat]
2018-08-10 19:20:46.093  INFO 21144 --- [main] org.apache.catalina.core.StandardEngine  : Starting Servlet Engine: Apache Tomcat/8.5.15
2018-08-10 19:20:46.327  INFO 21144 --- [localhost-startStop-1] o.a.c.c.C.[Tomcat].[localhost].[/]       : Initializing Spring embedded WebApplicationContext
2018-08-10 19:20:46.327  INFO 21144 --- [localhost-startStop-1] o.s.web.context.ContextLoader            : Root WebApplicationContext: initialization completed in 3033 ms
2018-08-10 19:20:46.604  INFO 21144 --- [localhost-startStop-1] o.s.b.w.servlet.ServletRegistrationBean  : Mapping servlet: 'dispatcherServlet' to [/]
2018-08-10 19:20:46.609  INFO 21144 --- [localhost-startStop-1] o.s.b.w.servlet.FilterRegistrationBean   : Mapping filter: 'characterEncodingFilter' to: [/*]
2018-08-10 19:20:46.610  INFO 21144 --- [localhost-startStop-1] o.s.b.w.servlet.FilterRegistrationBean   : Mapping filter: 'hiddenHttpMethodFilter' to: [/*]
2018-08-10 19:20:46.610  INFO 21144 --- [localhost-startStop-1] o.s.b.w.servlet.FilterRegistrationBean   : Mapping filter: 'httpPutFormContentFilter' to: [/*]
2018-08-10 19:20:46.610  INFO 21144 --- [localhost-startStop-1] o.s.b.w.servlet.FilterRegistrationBean   : Mapping filter: 'requestContextFilter' to: [/*]
2018-08-10 19:20:47.147  INFO 21144 --- [main] o.a.c.w.s.f.ReflectionServiceFactoryBean : Creating Service {http://www.ect888.com/service/MessageService/wsdl}ESBServerPortTypeService from class com.ect.nrac.cmc.sms.esb.ESBServerPortType
2018-08-10 19:20:48.295  INFO 21144 --- [main] s.w.s.m.m.a.RequestMappingHandlerAdapter : Looking for @ControllerAdvice: org.springframework.boot.context.embedded.AnnotationConfigEmbeddedWebApplicationContext@25e9a396: startup date [Fri Aug 10 19:20:43 CST 2018]; root of context hierarchy
2018-08-10 19:20:48.407  INFO 21144 --- [main] s.w.s.m.m.a.RequestMappingHandlerMapping : Mapped "{[/bpc/sendSms],methods=[POST]}" onto public java.lang.String com.ect.bpc.sms.service.BpcSmsService.service(java.lang.String)
2018-08-10 19:20:48.413  INFO 21144 --- [main] s.w.s.m.m.a.RequestMappingHandlerMapping : Mapped "{[/error]}" onto public org.springframework.http.ResponseEntity<java.util.Map<java.lang.String, java.lang.Object>> org.springframework.boot.autoconfigure.web.BasicErrorController.error(javax.servlet.http.HttpServletRequest)
2018-08-10 19:20:48.414  INFO 21144 --- [main] s.w.s.m.m.a.RequestMappingHandlerMapping : Mapped "{[/error],produces=[text/html]}" onto public org.springframework.web.servlet.ModelAndView org.springframework.boot.autoconfigure.web.BasicErrorController.errorHtml(javax.servlet.http.HttpServletRequest,javax.servlet.http.HttpServletResponse)
2018-08-10 19:20:48.488  INFO 21144 --- [main] o.s.w.s.handler.SimpleUrlHandlerMapping  : Mapped URL path [/webjars/**] onto handler of type [class org.springframework.web.servlet.resource.ResourceHttpRequestHandler]
2018-08-10 19:20:48.489  INFO 21144 --- [main] o.s.w.s.handler.SimpleUrlHandlerMapping  : Mapped URL path [/**] onto handler of type [class org.springframework.web.servlet.resource.ResourceHttpRequestHandler]
2018-08-10 19:20:48.621  INFO 21144 --- [main] o.s.w.s.handler.SimpleUrlHandlerMapping  : Mapped URL path [/**/favicon.ico] onto handler of type [class org.springframework.web.servlet.resource.ResourceHttpRequestHandler]
2018-08-10 19:20:49.110  INFO 21144 --- [main] o.s.j.e.a.AnnotationMBeanExporter        : Registering beans for JMX exposure on startup
2018-08-10 19:20:49.313  INFO 21144 --- [main] s.b.c.e.t.TomcatEmbeddedServletContainer : Tomcat started on port(s): 8080 (http)
2018-08-10 19:20:49.322  INFO 21144 --- [main] com.ect.bpc.sms.main.BpcSmsMain          : Started BpcSmsMain in 6.666 seconds (JVM running for 7.265)
2018-08-10 19:20:56.355  INFO 21144 --- [http-nio-8080-exec-1] o.a.c.c.C.[Tomcat].[localhost].[/]       : Initializing Spring FrameworkServlet 'dispatcherServlet'
2018-08-10 19:20:56.355  INFO 21144 --- [http-nio-8080-exec-1] o.s.web.servlet.DispatcherServlet        : FrameworkServlet 'dispatcherServlet': initialization started
2018-08-10 19:20:56.406  INFO 21144 --- [http-nio-8080-exec-1] o.s.web.servlet.DispatcherServlet        : FrameworkServlet 'dispatcherServlet': initialization completed in 51 ms
